2020-04-18 14:17:30.9633|INFO|Microsoft.AspNetCore.DataProtection.KeyManagement.XmlKeyManager|User profile is available. Using 'C:\Users\Anoop Kumar\AppData\Local\ASP.NET\DataProtection-Keys' as key repository and Windows DPAPI to encrypt keys at rest.
2020-04-18 14:17:32.3853|INFO|Microsoft.AspNetCore.Hosting.Internal.WebHost|Request starting HTTP/1.1 DEBUG http://localhost:50142/  0
2020-04-18 14:17:32.3853|INFO|Microsoft.AspNetCore.Hosting.Internal.WebHost|Request starting HTTP/1.1 GET http://localhost:44346/swagger/index.html  
2020-04-18 14:17:32.4607|INFO|Microsoft.AspNetCore.Hosting.Internal.WebHost|Request finished in 81.3988ms 200 
2020-04-18 14:17:32.8925|INFO|Microsoft.AspNetCore.Hosting.Internal.WebHost|Request finished in 515.4725ms 200 text/html;charset=utf-8
2020-04-18 14:17:32.9751|INFO|Microsoft.AspNetCore.Hosting.Internal.WebHost|Request starting HTTP/1.1 GET http://localhost:44346/swagger/swagger-ui.css  
2020-04-18 14:17:32.9751|INFO|Microsoft.AspNetCore.Hosting.Internal.WebHost|Request starting HTTP/1.1 GET http://localhost:44346/swagger/swagger-ui-bundle.js  
2020-04-18 14:17:33.0408|INFO|Microsoft.AspNetCore.StaticFiles.StaticFileMiddleware|The file /swagger-ui-bundle.js was not modified
2020-04-18 14:17:33.0730|INFO|Microsoft.AspNetCore.StaticFiles.StaticFileMiddleware|The file /swagger-ui.css was not modified
2020-04-18 14:17:33.1047|INFO|Microsoft.AspNetCore.Hosting.Internal.WebHost|Request starting HTTP/1.1 GET http://localhost:44346/swagger/swagger-ui-standalone-preset.js  
2020-04-18 14:17:33.1047|INFO|Microsoft.AspNetCore.Hosting.Internal.WebHost|Request finished in 126.2315ms 304 application/javascript
2020-04-18 14:17:33.1099|INFO|Microsoft.AspNetCore.Hosting.Internal.WebHost|Request finished in 130.5653ms 304 text/css
2020-04-18 14:17:33.1099|INFO|Microsoft.AspNetCore.StaticFiles.StaticFileMiddleware|The file /swagger-ui-standalone-preset.js was not modified
2020-04-18 14:17:33.1099|INFO|Microsoft.AspNetCore.Hosting.Internal.WebHost|Request finished in 36.8941ms 304 application/javascript
2020-04-18 14:17:33.7835|INFO|Microsoft.AspNetCore.Hosting.Internal.WebHost|Request starting HTTP/1.1 GET http://localhost:44346/swagger/v1/swagger.json  
2020-04-18 14:17:34.4351|INFO|Microsoft.AspNetCore.Hosting.Internal.WebHost|Request finished in 653.6178ms 200 application/json;charset=utf-8
2020-04-18 14:19:57.7539|INFO|Microsoft.AspNetCore.Hosting.Internal.WebHost|Request starting HTTP/1.1 GET http://localhost:44346/api/Employee/GetEmployee application/json 14
2020-04-18 14:19:57.9291|INFO|Microsoft.AspNetCore.Mvc.Internal.ControllerActionInvoker|Route matched with {action = "GetEmployee", controller = "Employee"}. Executing controller action with signature Model.Employee GetEmployee(Int32) on controller EmployeeManagementCRUD_WebAPI.Controllers.EmployeeController (EmployeeManagementCRUD_WebAPI).
2020-04-18 14:19:59.0234|INFO|Microsoft.AspNetCore.Mvc.Internal.ControllerActionInvoker|Executing action method EmployeeManagementCRUD_WebAPI.Controllers.EmployeeController.GetEmployee (EmployeeManagementCRUD_WebAPI) - Validation state: Valid
2020-04-18 14:19:59.6954|INFO|Microsoft.EntityFrameworkCore.Infrastructure|Entity Framework Core 2.1.14-servicing-32113 initialized 'UserDBContext' using provider 'Microsoft.EntityFrameworkCore.SqlServer' with options: MaxPoolSize=128 
2020-04-18 14:20:15.6844|INFO|Microsoft.EntityFrameworkCore.Database.Command|Executed DbCommand (120ms) [Parameters=[@__get_Item_0='?' (DbType = Int32)], CommandType='Text', CommandTimeout='30']
SELECT TOP(1) [e].[ID], [e].[Email], [e].[FirstName], [e].[Gender], [e].[LastName], [e].[Password], [e].[UserName]
FROM [Employees] AS [e]
WHERE [e].[ID] = @__get_Item_0
2020-04-18 14:20:15.7745|INFO|Microsoft.AspNetCore.Mvc.Internal.ControllerActionInvoker|Executed action method EmployeeManagementCRUD_WebAPI.Controllers.EmployeeController.GetEmployee (EmployeeManagementCRUD_WebAPI), returned result Microsoft.AspNetCore.Mvc.ObjectResult in 16740.506ms.
2020-04-18 14:20:15.7904|INFO|Microsoft.AspNetCore.Mvc.Infrastructure.ObjectResultExecutor|Executing ObjectResult, writing value of type 'null'.
2020-04-18 14:20:15.8019|INFO|Microsoft.AspNetCore.Mvc.Internal.ControllerActionInvoker|Executed action EmployeeManagementCRUD_WebAPI.Controllers.EmployeeController.GetEmployee (EmployeeManagementCRUD_WebAPI) in 17862.3635ms
2020-04-18 14:20:15.8019|INFO|Microsoft.AspNetCore.Hosting.Internal.WebHost|Request finished in 18059.9345ms 204 
2020-04-18 14:20:15.8497|INFO|Microsoft.AspNetCore.Server.Kestrel|Connection id "0HLV3EKH3Q0L0", Request id "0HLV3EKH3Q0L0:00000001": the application completed without reading the entire request body.
2020-04-18 14:21:14.0357|INFO|Microsoft.AspNetCore.Hosting.Internal.WebHost|Request starting HTTP/1.1 GET http://localhost:44346/api/Employee/GetEmployee application/json 14
2020-04-18 14:21:14.0357|INFO|Microsoft.AspNetCore.Mvc.Internal.ControllerActionInvoker|Route matched with {action = "GetEmployee", controller = "Employee"}. Executing controller action with signature Model.Employee GetEmployee(Int32) on controller EmployeeManagementCRUD_WebAPI.Controllers.EmployeeController (EmployeeManagementCRUD_WebAPI).
2020-04-18 14:21:14.0613|INFO|Microsoft.AspNetCore.Mvc.Internal.ControllerActionInvoker|Executing action method EmployeeManagementCRUD_WebAPI.Controllers.EmployeeController.GetEmployee (EmployeeManagementCRUD_WebAPI) - Validation state: Valid
2020-04-18 14:21:45.5681|INFO|Microsoft.EntityFrameworkCore.Database.Command|Executed DbCommand (3ms) [Parameters=[@__get_Item_0='?' (DbType = Int32)], CommandType='Text', CommandTimeout='30']
SELECT TOP(1) [e].[ID], [e].[Email], [e].[FirstName], [e].[Gender], [e].[LastName], [e].[Password], [e].[UserName]
FROM [Employees] AS [e]
WHERE [e].[ID] = @__get_Item_0
2020-04-18 14:21:45.5788|INFO|Microsoft.AspNetCore.Mvc.Internal.ControllerActionInvoker|Executed action method EmployeeManagementCRUD_WebAPI.Controllers.EmployeeController.GetEmployee (EmployeeManagementCRUD_WebAPI), returned result Microsoft.AspNetCore.Mvc.ObjectResult in 31505.1569ms.
2020-04-18 14:21:45.5962|INFO|Microsoft.AspNetCore.Mvc.Infrastructure.ObjectResultExecutor|Executing ObjectResult, writing value of type 'null'.
2020-04-18 14:21:45.5962|INFO|Microsoft.AspNetCore.Mvc.Internal.ControllerActionInvoker|Executed action EmployeeManagementCRUD_WebAPI.Controllers.EmployeeController.GetEmployee (EmployeeManagementCRUD_WebAPI) in 31557.6161ms
2020-04-18 14:21:45.6237|INFO|Microsoft.AspNetCore.Hosting.Internal.WebHost|Request finished in 31573.4537ms 204 
2020-04-18 14:21:45.6447|INFO|Microsoft.AspNetCore.Server.Kestrel|Connection id "0HLV3EKH3Q0L0", Request id "0HLV3EKH3Q0L0:00000002": the application completed without reading the entire request body.
2020-04-18 14:21:56.5340|INFO|Microsoft.AspNetCore.Hosting.Internal.WebHost|Request starting HTTP/1.1 GET http://localhost:44346/api/Employee/GetEmployee/2 application/json 14
2020-04-18 14:21:56.5532|INFO|Microsoft.AspNetCore.Hosting.Internal.WebHost|Request finished in 4.9327ms 404 
2020-04-18 14:21:56.5804|INFO|Microsoft.AspNetCore.Server.Kestrel|Connection id "0HLV3EKH3Q0L0", Request id "0HLV3EKH3Q0L0:00000003": the application completed without reading the entire request body.
2020-04-18 14:30:28.7375|INFO|Microsoft.AspNetCore.Hosting.Internal.WebHost|Request starting HTTP/1.1 GET http://localhost:44346/api/Employee/GetEmployee application/json 14
2020-04-18 14:30:28.8205|INFO|Microsoft.AspNetCore.Mvc.Internal.ControllerActionInvoker|Route matched with {action = "GetEmployee", controller = "Employee"}. Executing controller action with signature Model.Employee GetEmployee(Int32) on controller EmployeeManagementCRUD_WebAPI.Controllers.EmployeeController (EmployeeManagementCRUD_WebAPI).
2020-04-18 14:30:28.8547|INFO|Microsoft.AspNetCore.Mvc.Internal.ControllerActionInvoker|Executing action method EmployeeManagementCRUD_WebAPI.Controllers.EmployeeController.GetEmployee (EmployeeManagementCRUD_WebAPI) - Validation state: Valid
2020-04-18 14:30:30.8303|INFO|Microsoft.EntityFrameworkCore.Database.Command|Executed DbCommand (183ms) [Parameters=[@__get_Item_0='?' (DbType = Int32)], CommandType='Text', CommandTimeout='30']
SELECT TOP(1) [e].[ID], [e].[Email], [e].[FirstName], [e].[Gender], [e].[LastName], [e].[Password], [e].[UserName]
FROM [Employees] AS [e]
WHERE [e].[ID] = @__get_Item_0
2020-04-18 14:30:30.8303|INFO|Microsoft.AspNetCore.Mvc.Internal.ControllerActionInvoker|Executed action method EmployeeManagementCRUD_WebAPI.Controllers.EmployeeController.GetEmployee (EmployeeManagementCRUD_WebAPI), returned result Microsoft.AspNetCore.Mvc.ObjectResult in 1974.8932ms.
2020-04-18 14:30:30.8303|INFO|Microsoft.AspNetCore.Mvc.Infrastructure.ObjectResultExecutor|Executing ObjectResult, writing value of type 'null'.
2020-04-18 14:30:30.8460|INFO|Microsoft.AspNetCore.Mvc.Internal.ControllerActionInvoker|Executed action EmployeeManagementCRUD_WebAPI.Controllers.EmployeeController.GetEmployee (EmployeeManagementCRUD_WebAPI) in 2020.0492ms
2020-04-18 14:30:30.9029|INFO|Microsoft.AspNetCore.Hosting.Internal.WebHost|Request finished in 2178.0874ms 204 
2020-04-18 14:30:30.9084|INFO|Microsoft.AspNetCore.Server.Kestrel|Connection id "0HLV3EKH3Q0L1", Request id "0HLV3EKH3Q0L1:00000001": the application completed without reading the entire request body.
2020-04-18 14:31:20.8209|INFO|Microsoft.AspNetCore.Hosting.Internal.WebHost|Request starting HTTP/1.1 GET http://localhost:44346/api/Employee/GetEmployee application/json 14
2020-04-18 14:31:20.8209|INFO|Microsoft.AspNetCore.Mvc.Internal.ControllerActionInvoker|Route matched with {action = "GetEmployee", controller = "Employee"}. Executing controller action with signature Model.Employee GetEmployee(Int32) on controller EmployeeManagementCRUD_WebAPI.Controllers.EmployeeController (EmployeeManagementCRUD_WebAPI).
2020-04-18 14:31:20.8292|INFO|Microsoft.AspNetCore.Mvc.Internal.ControllerActionInvoker|Executing action method EmployeeManagementCRUD_WebAPI.Controllers.EmployeeController.GetEmployee (EmployeeManagementCRUD_WebAPI) - Validation state: Valid
2020-04-18 14:31:21.2083|INFO|Microsoft.EntityFrameworkCore.Database.Command|Executed DbCommand (21ms) [Parameters=[@__get_Item_0='?' (DbType = Int32)], CommandType='Text', CommandTimeout='30']
SELECT TOP(1) [e].[ID], [e].[Email], [e].[FirstName], [e].[Gender], [e].[LastName], [e].[Password], [e].[UserName]
FROM [Employees] AS [e]
WHERE [e].[ID] = @__get_Item_0
2020-04-18 14:31:21.2083|INFO|Microsoft.AspNetCore.Mvc.Internal.ControllerActionInvoker|Executed action method EmployeeManagementCRUD_WebAPI.Controllers.EmployeeController.GetEmployee (EmployeeManagementCRUD_WebAPI), returned result Microsoft.AspNetCore.Mvc.ObjectResult in 379.2039ms.
2020-04-18 14:31:21.2083|INFO|Microsoft.AspNetCore.Mvc.Infrastructure.ObjectResultExecutor|Executing ObjectResult, writing value of type 'null'.
2020-04-18 14:31:21.2220|INFO|Microsoft.AspNetCore.Mvc.Internal.ControllerActionInvoker|Executed action EmployeeManagementCRUD_WebAPI.Controllers.EmployeeController.GetEmployee (EmployeeManagementCRUD_WebAPI) in 392.3535ms
2020-04-18 14:31:21.2476|INFO|Microsoft.AspNetCore.Hosting.Internal.WebHost|Request finished in 404.4568ms 204 
2020-04-18 14:31:21.2666|INFO|Microsoft.AspNetCore.Server.Kestrel|Connection id "0HLV3EKH3Q0L1", Request id "0HLV3EKH3Q0L1:00000002": the application completed without reading the entire request body.
2020-04-18 14:40:16.6369|INFO|Microsoft.AspNetCore.Hosting.Internal.WebHost|Request starting HTTP/1.1 GET http://localhost:44346/swagger/  
2020-04-18 14:40:16.6812|INFO|Microsoft.AspNetCore.Hosting.Internal.WebHost|Request finished in 42.8905ms 301 
2020-04-18 14:40:16.7226|INFO|Microsoft.AspNetCore.Hosting.Internal.WebHost|Request starting HTTP/1.1 GET http://localhost:44346/swagger/index.html  
2020-04-18 14:40:16.8199|INFO|Microsoft.AspNetCore.Hosting.Internal.WebHost|Request finished in 100.1381ms 200 text/html;charset=utf-8
2020-04-18 14:40:17.5659|INFO|Microsoft.AspNetCore.Hosting.Internal.WebHost|Request starting HTTP/1.1 GET http://localhost:44346/swagger/v1/swagger.json  
2020-04-18 14:40:17.9133|INFO|Microsoft.AspNetCore.Hosting.Internal.WebHost|Request finished in 348.502ms 200 application/json;charset=utf-8
2020-04-18 14:40:37.0444|INFO|Microsoft.AspNetCore.Hosting.Internal.WebHost|Request starting HTTP/1.1 GET http://localhost:44346/api/Employee/GetEmployee/id=2  
2020-04-18 14:40:37.0497|INFO|Microsoft.AspNetCore.Hosting.Internal.WebHost|Request finished in 4.3272ms 404 
2020-04-18 14:41:13.1887|INFO|Microsoft.AspNetCore.Hosting.Internal.WebHost|Request starting HTTP/1.1 GET http://localhost:44346/api/Employee/GetAllEmployee  
2020-04-18 14:41:13.2507|INFO|Microsoft.AspNetCore.Mvc.Internal.ControllerActionInvoker|Route matched with {action = "GetAllEmployees", controller = "Employee"}. Executing controller action with signature System.Collections.Generic.IEnumerable`1[Model.Employee] GetAllEmployees() on controller EmployeeManagementCRUD_WebAPI.Controllers.EmployeeController (EmployeeManagementCRUD_WebAPI).
2020-04-18 14:41:13.2507|INFO|Microsoft.AspNetCore.Mvc.Internal.ControllerActionInvoker|Executing action method EmployeeManagementCRUD_WebAPI.Controllers.EmployeeController.GetAllEmployees (EmployeeManagementCRUD_WebAPI) - Validation state: Valid
2020-04-18 14:41:13.2507|INFO|Microsoft.AspNetCore.Mvc.Internal.ControllerActionInvoker|Executed action method EmployeeManagementCRUD_WebAPI.Controllers.EmployeeController.GetAllEmployees (EmployeeManagementCRUD_WebAPI), returned result Microsoft.AspNetCore.Mvc.ObjectResult in 1.5982ms.
2020-04-18 14:41:13.3692|INFO|Microsoft.AspNetCore.Mvc.Infrastructure.ObjectResultExecutor|Executing ObjectResult, writing value of type 'Microsoft.EntityFrameworkCore.Internal.InternalDbSet`1[[Model.Employee, Model, Version=1.0.0.0, Culture=neutral, PublicKeyToken=null]]'.
2020-04-18 14:41:14.7022|INFO|Microsoft.EntityFrameworkCore.Database.Command|Executed DbCommand (262ms) [Parameters=[], CommandType='Text', CommandTimeout='30']
SELECT [e].[ID], [e].[Email], [e].[FirstName], [e].[Gender], [e].[LastName], [e].[Password], [e].[UserName]
FROM [Employees] AS [e]
2020-04-18 14:41:15.0476|INFO|Microsoft.AspNetCore.Mvc.Internal.ControllerActionInvoker|Executed action EmployeeManagementCRUD_WebAPI.Controllers.EmployeeController.GetAllEmployees (EmployeeManagementCRUD_WebAPI) in 1791.3093ms
2020-04-18 14:41:15.0476|INFO|Microsoft.AspNetCore.Hosting.Internal.WebHost|Request finished in 1866.2164ms 200 application/json; charset=utf-8
2020-04-18 14:41:15.2768|INFO|Microsoft.AspNetCore.Hosting.Internal.WebHost|Request starting HTTP/1.1 GET http://localhost:44346/favicon.ico  
2020-04-18 14:41:15.2839|INFO|Microsoft.AspNetCore.Hosting.Internal.WebHost|Request finished in 5.6199ms 404 
2020-04-18 14:41:45.7619|INFO|Microsoft.AspNetCore.Hosting.Internal.WebHost|Request starting HTTP/1.1 GET http://localhost:44346/api/Employee/GetEmployee/id=6  
2020-04-18 14:41:45.9177|INFO|Microsoft.AspNetCore.Hosting.Internal.WebHost|Request finished in 5.4051ms 404 
2020-04-18 14:42:07.4093|INFO|Microsoft.AspNetCore.Hosting.Internal.WebHost|Request starting HTTP/1.1 GET http://localhost:44346/api/Employee/GetEmployee?id=6  
2020-04-18 14:42:07.4093|INFO|Microsoft.AspNetCore.Mvc.Internal.ControllerActionInvoker|Route matched with {action = "GetEmployee", controller = "Employee"}. Executing controller action with signature Model.Employee GetEmployee(Int32) on controller EmployeeManagementCRUD_WebAPI.Controllers.EmployeeController (EmployeeManagementCRUD_WebAPI).
2020-04-18 14:42:07.4437|INFO|Microsoft.AspNetCore.Mvc.Internal.ControllerActionInvoker|Executing action method EmployeeManagementCRUD_WebAPI.Controllers.EmployeeController.GetEmployee (EmployeeManagementCRUD_WebAPI) - Validation state: Valid
2020-04-18 14:42:07.4700|INFO|Microsoft.EntityFrameworkCore.Database.Command|Executed DbCommand (18ms) [Parameters=[@__get_Item_0='?' (DbType = Int32)], CommandType='Text', CommandTimeout='30']
SELECT TOP(1) [e].[ID], [e].[Email], [e].[FirstName], [e].[Gender], [e].[LastName], [e].[Password], [e].[UserName]
FROM [Employees] AS [e]
WHERE [e].[ID] = @__get_Item_0
2020-04-18 14:42:08.8097|INFO|Microsoft.AspNetCore.Mvc.Internal.ControllerActionInvoker|Executed action method EmployeeManagementCRUD_WebAPI.Controllers.EmployeeController.GetEmployee (EmployeeManagementCRUD_WebAPI), returned result Microsoft.AspNetCore.Mvc.ObjectResult in 1360.1547ms.
2020-04-18 14:42:08.8143|INFO|Microsoft.AspNetCore.Mvc.Infrastructure.ObjectResultExecutor|Executing ObjectResult, writing value of type 'Model.Employee'.
2020-04-18 14:42:08.8143|INFO|Microsoft.AspNetCore.Mvc.Internal.ControllerActionInvoker|Executed action EmployeeManagementCRUD_WebAPI.Controllers.EmployeeController.GetEmployee (EmployeeManagementCRUD_WebAPI) in 1398.0629ms
2020-04-18 14:42:08.8143|INFO|Microsoft.AspNetCore.Hosting.Internal.WebHost|Request finished in 1413.3739ms 200 application/json; charset=utf-8
2020-04-18 14:42:22.1207|INFO|Microsoft.AspNetCore.Hosting.Internal.WebHost|Request starting HTTP/1.1 DELETE http://localhost:44346/api/Employee/DeleteEmployee?id=6  
2020-04-18 14:42:22.1311|INFO|Microsoft.AspNetCore.Cors.Infrastructure.CorsService|Policy execution failed.
2020-04-18 14:42:22.1509|INFO|Microsoft.AspNetCore.Cors.Infrastructure.CorsService|Request origin https://localhost:44346 does not have permission to access the resource.
2020-04-18 14:42:22.1637|INFO|Microsoft.AspNetCore.Mvc.Internal.ControllerActionInvoker|Route matched with {action = "DeleteEmployee", controller = "Employee"}. Executing controller action with signature Model.Employee DeleteEmployee(Int32) on controller EmployeeManagementCRUD_WebAPI.Controllers.EmployeeController (EmployeeManagementCRUD_WebAPI).
2020-04-18 14:42:22.1841|INFO|Microsoft.AspNetCore.Mvc.Internal.ControllerActionInvoker|Executing action method EmployeeManagementCRUD_WebAPI.Controllers.EmployeeController.DeleteEmployee (EmployeeManagementCRUD_WebAPI) - Validation state: Valid
2020-04-18 14:42:22.1960|INFO|Microsoft.EntityFrameworkCore.Database.Command|Executed DbCommand (3ms) [Parameters=[@__get_Item_0='?' (DbType = Int32)], CommandType='Text', CommandTimeout='30']
SELECT TOP(1) [e].[ID], [e].[Email], [e].[FirstName], [e].[Gender], [e].[LastName], [e].[Password], [e].[UserName]
FROM [Employees] AS [e]
WHERE [e].[ID] = @__get_Item_0
2020-04-18 14:42:23.9013|INFO|Microsoft.EntityFrameworkCore.Database.Command|Executed DbCommand (199ms) [Parameters=[@p0='?' (DbType = Int32)], CommandType='Text', CommandTimeout='30']
SET NOCOUNT ON;
DELETE FROM [Employees]
WHERE [ID] = @p0;
SELECT @@ROWCOUNT;
2020-04-18 14:42:23.9417|INFO|Microsoft.AspNetCore.Mvc.Internal.ControllerActionInvoker|Executed action method EmployeeManagementCRUD_WebAPI.Controllers.EmployeeController.DeleteEmployee (EmployeeManagementCRUD_WebAPI), returned result Microsoft.AspNetCore.Mvc.ObjectResult in 1751.4965ms.
2020-04-18 14:42:23.9417|INFO|Microsoft.AspNetCore.Mvc.Infrastructure.ObjectResultExecutor|Executing ObjectResult, writing value of type 'Model.Employee'.
2020-04-18 14:42:23.9573|INFO|Microsoft.AspNetCore.Mvc.Internal.ControllerActionInvoker|Executed action EmployeeManagementCRUD_WebAPI.Controllers.EmployeeController.DeleteEmployee (EmployeeManagementCRUD_WebAPI) in 1786.9629ms
2020-04-18 14:42:23.9573|INFO|Microsoft.AspNetCore.Hosting.Internal.WebHost|Request finished in 1841.2432ms 200 application/json; charset=utf-8
2020-04-18 14:42:33.2377|INFO|Microsoft.AspNetCore.Hosting.Internal.WebHost|Request starting HTTP/1.1 DELETE http://localhost:44346/api/Employee/DeleteEmployee?id=5  
2020-04-18 14:42:33.2377|INFO|Microsoft.AspNetCore.Cors.Infrastructure.CorsService|Policy execution failed.
2020-04-18 14:42:33.2611|INFO|Microsoft.AspNetCore.Cors.Infrastructure.CorsService|Request origin https://localhost:44346 does not have permission to access the resource.
2020-04-18 14:42:33.2786|INFO|Microsoft.AspNetCore.Mvc.Internal.ControllerActionInvoker|Route matched with {action = "DeleteEmployee", controller = "Employee"}. Executing controller action with signature Model.Employee DeleteEmployee(Int32) on controller EmployeeManagementCRUD_WebAPI.Controllers.EmployeeController (EmployeeManagementCRUD_WebAPI).
2020-04-18 14:42:33.2833|INFO|Microsoft.AspNetCore.Mvc.Internal.ControllerActionInvoker|Executing action method EmployeeManagementCRUD_WebAPI.Controllers.EmployeeController.DeleteEmployee (EmployeeManagementCRUD_WebAPI) - Validation state: Valid
2020-04-18 14:42:33.2833|INFO|Microsoft.EntityFrameworkCore.Database.Command|Executed DbCommand (1ms) [Parameters=[@__get_Item_0='?' (DbType = Int32)], CommandType='Text', CommandTimeout='30']
SELECT TOP(1) [e].[ID], [e].[Email], [e].[FirstName], [e].[Gender], [e].[LastName], [e].[Password], [e].[UserName]
FROM [Employees] AS [e]
WHERE [e].[ID] = @__get_Item_0
2020-04-18 14:42:33.2975|INFO|Microsoft.EntityFrameworkCore.Database.Command|Executed DbCommand (0ms) [Parameters=[@p0='?' (DbType = Int32)], CommandType='Text', CommandTimeout='30']
SET NOCOUNT ON;
DELETE FROM [Employees]
WHERE [ID] = @p0;
SELECT @@ROWCOUNT;
2020-04-18 14:42:33.7603|INFO|Microsoft.AspNetCore.Mvc.Internal.ControllerActionInvoker|Executed action method EmployeeManagementCRUD_WebAPI.Controllers.EmployeeController.DeleteEmployee (EmployeeManagementCRUD_WebAPI), returned result Microsoft.AspNetCore.Mvc.ObjectResult in 471.1873ms.
2020-04-18 14:42:33.7603|INFO|Microsoft.AspNetCore.Mvc.Infrastructure.ObjectResultExecutor|Executing ObjectResult, writing value of type 'Model.Employee'.
2020-04-18 14:42:33.7723|INFO|Microsoft.AspNetCore.Mvc.Internal.ControllerActionInvoker|Executed action EmployeeManagementCRUD_WebAPI.Controllers.EmployeeController.DeleteEmployee (EmployeeManagementCRUD_WebAPI) in 485.5188ms
2020-04-18 14:42:33.7723|INFO|Microsoft.AspNetCore.Hosting.Internal.WebHost|Request finished in 540.9834ms 200 application/json; charset=utf-8
2020-04-18 14:42:41.5611|INFO|Microsoft.AspNetCore.Hosting.Internal.WebHost|Request starting HTTP/1.1 DELETE http://localhost:44346/api/Employee/DeleteEmployee?id=4  
2020-04-18 14:42:41.5688|INFO|Microsoft.AspNetCore.Cors.Infrastructure.CorsService|Policy execution failed.
2020-04-18 14:42:41.5906|INFO|Microsoft.AspNetCore.Cors.Infrastructure.CorsService|Request origin https://localhost:44346 does not have permission to access the resource.
2020-04-18 14:42:41.5983|INFO|Microsoft.AspNetCore.Mvc.Internal.ControllerActionInvoker|Route matched with {action = "DeleteEmployee", controller = "Employee"}. Executing controller action with signature Model.Employee DeleteEmployee(Int32) on controller EmployeeManagementCRUD_WebAPI.Controllers.EmployeeController (EmployeeManagementCRUD_WebAPI).
2020-04-18 14:42:41.5983|INFO|Microsoft.AspNetCore.Mvc.Internal.ControllerActionInvoker|Executing action method EmployeeManagementCRUD_WebAPI.Controllers.EmployeeController.DeleteEmployee (EmployeeManagementCRUD_WebAPI) - Validation state: Valid
2020-04-18 14:42:41.6102|INFO|Microsoft.EntityFrameworkCore.Database.Command|Executed DbCommand (0ms) [Parameters=[@__get_Item_0='?' (DbType = Int32)], CommandType='Text', CommandTimeout='30']
SELECT TOP(1) [e].[ID], [e].[Email], [e].[FirstName], [e].[Gender], [e].[LastName], [e].[Password], [e].[UserName]
FROM [Employees] AS [e]
WHERE [e].[ID] = @__get_Item_0
2020-04-18 14:42:41.6102|INFO|Microsoft.EntityFrameworkCore.Database.Command|Executed DbCommand (0ms) [Parameters=[@p0='?' (DbType = Int32)], CommandType='Text', CommandTimeout='30']
SET NOCOUNT ON;
DELETE FROM [Employees]
WHERE [ID] = @p0;
SELECT @@ROWCOUNT;
2020-04-18 14:42:41.6102|INFO|Microsoft.AspNetCore.Mvc.Internal.ControllerActionInvoker|Executed action method EmployeeManagementCRUD_WebAPI.Controllers.EmployeeController.DeleteEmployee (EmployeeManagementCRUD_WebAPI), returned result Microsoft.AspNetCore.Mvc.ObjectResult in 14.0185ms.
2020-04-18 14:42:41.6250|INFO|Microsoft.AspNetCore.Mvc.Infrastructure.ObjectResultExecutor|Executing ObjectResult, writing value of type 'Model.Employee'.
2020-04-18 14:42:41.6250|INFO|Microsoft.AspNetCore.Mvc.Internal.ControllerActionInvoker|Executed action EmployeeManagementCRUD_WebAPI.Controllers.EmployeeController.DeleteEmployee (EmployeeManagementCRUD_WebAPI) in 26.9028ms
2020-04-18 14:42:41.7404|INFO|Microsoft.AspNetCore.Hosting.Internal.WebHost|Request finished in 79.747ms 200 application/json; charset=utf-8
2020-04-18 14:42:49.6533|INFO|Microsoft.AspNetCore.Hosting.Internal.WebHost|Request starting HTTP/1.1 DELETE http://localhost:44346/api/Employee/DeleteEmployee?id=7  
2020-04-18 14:42:49.6675|INFO|Microsoft.AspNetCore.Cors.Infrastructure.CorsService|Policy execution failed.
2020-04-18 14:42:49.6976|INFO|Microsoft.AspNetCore.Cors.Infrastructure.CorsService|Request origin https://localhost:44346 does not have permission to access the resource.
2020-04-18 14:42:49.7081|INFO|Microsoft.AspNetCore.Mvc.Internal.ControllerActionInvoker|Route matched with {action = "DeleteEmployee", controller = "Employee"}. Executing controller action with signature Model.Employee DeleteEmployee(Int32) on controller EmployeeManagementCRUD_WebAPI.Controllers.EmployeeController (EmployeeManagementCRUD_WebAPI).
2020-04-18 14:42:49.7081|INFO|Microsoft.AspNetCore.Mvc.Internal.ControllerActionInvoker|Executing action method EmployeeManagementCRUD_WebAPI.Controllers.EmployeeController.DeleteEmployee (EmployeeManagementCRUD_WebAPI) - Validation state: Valid
2020-04-18 14:42:49.7280|INFO|Microsoft.EntityFrameworkCore.Database.Command|Executed DbCommand (1ms) [Parameters=[@__get_Item_0='?' (DbType = Int32)], CommandType='Text', CommandTimeout='30']
SELECT TOP(1) [e].[ID], [e].[Email], [e].[FirstName], [e].[Gender], [e].[LastName], [e].[Password], [e].[UserName]
FROM [Employees] AS [e]
WHERE [e].[ID] = @__get_Item_0
2020-04-18 14:42:49.7347|INFO|Microsoft.EntityFrameworkCore.Database.Command|Executed DbCommand (1ms) [Parameters=[@p0='?' (DbType = Int32)], CommandType='Text', CommandTimeout='30']
SET NOCOUNT ON;
DELETE FROM [Employees]
WHERE [ID] = @p0;
SELECT @@ROWCOUNT;
2020-04-18 14:42:49.7508|INFO|Microsoft.AspNetCore.Mvc.Internal.ControllerActionInvoker|Executed action method EmployeeManagementCRUD_WebAPI.Controllers.EmployeeController.DeleteEmployee (EmployeeManagementCRUD_WebAPI), returned result Microsoft.AspNetCore.Mvc.ObjectResult in 27.8207ms.
2020-04-18 14:42:49.7508|INFO|Microsoft.AspNetCore.Mvc.Infrastructure.ObjectResultExecutor|Executing ObjectResult, writing value of type 'Model.Employee'.
2020-04-18 14:42:49.7508|INFO|Microsoft.AspNetCore.Mvc.Internal.ControllerActionInvoker|Executed action EmployeeManagementCRUD_WebAPI.Controllers.EmployeeController.DeleteEmployee (EmployeeManagementCRUD_WebAPI) in 49.5756ms
2020-04-18 14:42:49.7695|INFO|Microsoft.AspNetCore.Hosting.Internal.WebHost|Request finished in 115.8723ms 200 application/json; charset=utf-8
