2020-04-20 14:25:49.4154|INFO|Microsoft.AspNetCore.DataProtection.KeyManagement.XmlKeyManager|User profile is available. Using 'C:\Users\Anoop Kumar\AppData\Local\ASP.NET\DataProtection-Keys' as key repository and Windows DPAPI to encrypt keys at rest.
2020-04-20 14:25:50.8363|INFO|Microsoft.AspNetCore.Hosting.Internal.WebHost|Request starting HTTP/1.1 DEBUG http://localhost:50142/  0
2020-04-20 14:25:50.8363|INFO|Microsoft.AspNetCore.Hosting.Internal.WebHost|Request starting HTTP/1.1 GET http://localhost:44346/swagger/index.html  
2020-04-20 14:25:50.9278|INFO|Microsoft.AspNetCore.Hosting.Internal.WebHost|Request finished in 76.9278ms 200 
2020-04-20 14:25:51.2055|INFO|Microsoft.AspNetCore.Hosting.Internal.WebHost|Request finished in 376.0614ms 200 text/html;charset=utf-8
2020-04-20 14:25:52.2658|INFO|Microsoft.AspNetCore.Hosting.Internal.WebHost|Request starting HTTP/1.1 GET http://localhost:44346/swagger/v1/swagger.json  
2020-04-20 14:25:52.9506|INFO|Microsoft.AspNetCore.Hosting.Internal.WebHost|Request finished in 685.6241ms 200 application/json;charset=utf-8
2020-04-20 14:26:35.3757|INFO|Microsoft.AspNetCore.Hosting.Internal.WebHost|Request starting HTTP/1.1 POST http://localhost:44346/api/Employee/LoginEmployee application/json-patch+json 45
2020-04-20 14:26:35.4130|INFO|Microsoft.AspNetCore.Cors.Infrastructure.CorsService|Policy execution failed.
2020-04-20 14:26:35.4130|INFO|Microsoft.AspNetCore.Cors.Infrastructure.CorsService|Request origin https://localhost:44346 does not have permission to access the resource.
2020-04-20 14:26:35.5367|INFO|Microsoft.AspNetCore.Mvc.Internal.ControllerActionInvoker|Route matched with {action = "LoginEmployee", controller = "Employee"}. Executing controller action with signature Microsoft.AspNetCore.Mvc.IActionResult LoginEmployee(Model.Employee) on controller EmployeeManagementCRUD_WebAPI.Controllers.EmployeeController (EmployeeManagementCRUD_WebAPI).
2020-04-20 14:26:36.6582|INFO|Microsoft.AspNetCore.Mvc.Internal.ControllerActionInvoker|Executing action method EmployeeManagementCRUD_WebAPI.Controllers.EmployeeController.LoginEmployee (EmployeeManagementCRUD_WebAPI) - Validation state: Valid
2020-04-20 14:26:37.5626|INFO|Microsoft.EntityFrameworkCore.Infrastructure|Entity Framework Core 2.1.14-servicing-32113 initialized 'UserDBContext' using provider 'Microsoft.EntityFrameworkCore.SqlServer' with options: MaxPoolSize=128 
2020-04-20 14:26:46.2686|INFO|Microsoft.EntityFrameworkCore.Database.Command|Executed DbCommand (299ms) [Parameters=[@__email_0='?' (Size = 4000), @__password_1='?' (Size = 4000)], CommandType='Text', CommandTimeout='30']
SELECT TOP(1) [id].[ID], [id].[Email], [id].[FirstName], [id].[Gender], [id].[LastName], [id].[Password], [id].[UserName]
FROM [Employees] AS [id]
WHERE ([id].[Email] = @__email_0) AND ([id].[Password] = @__password_1)
2020-04-20 14:26:46.3698|INFO|Microsoft.AspNetCore.Mvc.Internal.ControllerActionInvoker|Executed action method EmployeeManagementCRUD_WebAPI.Controllers.EmployeeController.LoginEmployee (EmployeeManagementCRUD_WebAPI), returned result Microsoft.AspNetCore.Mvc.BadRequestResult in 9698.3371ms.
2020-04-20 14:26:46.3975|INFO|Microsoft.AspNetCore.Mvc.StatusCodeResult|Executing HttpStatusCodeResult, setting HTTP status code 400
2020-04-20 14:26:46.4140|INFO|Microsoft.AspNetCore.Mvc.Internal.ControllerActionInvoker|Executed action EmployeeManagementCRUD_WebAPI.Controllers.EmployeeController.LoginEmployee (EmployeeManagementCRUD_WebAPI) in 10864.6813ms
2020-04-20 14:26:46.4249|INFO|Microsoft.AspNetCore.Hosting.Internal.WebHost|Request finished in 11046.4597ms 400 
2020-04-20 14:28:29.7148|INFO|Microsoft.AspNetCore.DataProtection.KeyManagement.XmlKeyManager|User profile is available. Using 'C:\Users\Anoop Kumar\AppData\Local\ASP.NET\DataProtection-Keys' as key repository and Windows DPAPI to encrypt keys at rest.
2020-04-20 14:28:30.6165|INFO|Microsoft.AspNetCore.Hosting.Internal.WebHost|Request starting HTTP/1.1 GET http://localhost:44346/swagger/index.html  
2020-04-20 14:28:30.6165|INFO|Microsoft.AspNetCore.Hosting.Internal.WebHost|Request starting HTTP/1.1 DEBUG http://localhost:50142/  0
2020-04-20 14:28:30.6750|INFO|Microsoft.AspNetCore.Hosting.Internal.WebHost|Request finished in 62.3099ms 200 
2020-04-20 14:28:30.9701|INFO|Microsoft.AspNetCore.Hosting.Internal.WebHost|Request finished in 358.0159ms 200 text/html;charset=utf-8
2020-04-20 14:28:31.2908|INFO|Microsoft.AspNetCore.Hosting.Internal.WebHost|Request starting HTTP/1.1 GET http://localhost:44346/swagger/v1/swagger.json  
2020-04-20 14:28:31.7350|INFO|Microsoft.AspNetCore.Hosting.Internal.WebHost|Request finished in 453.6464ms 200 application/json;charset=utf-8
2020-04-20 14:28:40.0120|INFO|Microsoft.AspNetCore.Hosting.Internal.WebHost|Request starting HTTP/1.1 GET http://localhost:44346/api/Employee/GetAllEmployee  
2020-04-20 14:28:40.1747|INFO|Microsoft.AspNetCore.Mvc.Internal.ControllerActionInvoker|Route matched with {action = "GetAllEmployees", controller = "Employee"}. Executing controller action with signature System.Collections.Generic.IEnumerable`1[Model.Employee] GetAllEmployees() on controller EmployeeManagementCRUD_WebAPI.Controllers.EmployeeController (EmployeeManagementCRUD_WebAPI).
2020-04-20 14:28:40.3902|INFO|Microsoft.AspNetCore.Mvc.Internal.ControllerActionInvoker|Executing action method EmployeeManagementCRUD_WebAPI.Controllers.EmployeeController.GetAllEmployees (EmployeeManagementCRUD_WebAPI) - Validation state: Valid
2020-04-20 14:28:40.4010|INFO|Microsoft.AspNetCore.Mvc.Internal.ControllerActionInvoker|Executed action method EmployeeManagementCRUD_WebAPI.Controllers.EmployeeController.GetAllEmployees (EmployeeManagementCRUD_WebAPI), returned result Microsoft.AspNetCore.Mvc.ObjectResult in 0.7642ms.
2020-04-20 14:28:40.4168|INFO|Microsoft.AspNetCore.Mvc.Infrastructure.ObjectResultExecutor|Executing ObjectResult, writing value of type 'Microsoft.EntityFrameworkCore.Internal.InternalDbSet`1[[Model.Employee, Model, Version=1.0.0.0, Culture=neutral, PublicKeyToken=null]]'.
2020-04-20 14:28:40.8342|INFO|Microsoft.EntityFrameworkCore.Infrastructure|Entity Framework Core 2.1.14-servicing-32113 initialized 'UserDBContext' using provider 'Microsoft.EntityFrameworkCore.SqlServer' with options: MaxPoolSize=128 
2020-04-20 14:28:45.0970|INFO|Microsoft.EntityFrameworkCore.Database.Command|Executed DbCommand (29ms) [Parameters=[], CommandType='Text', CommandTimeout='30']
SELECT [e].[ID], [e].[Email], [e].[FirstName], [e].[Gender], [e].[LastName], [e].[Password], [e].[UserName]
FROM [Employees] AS [e]
2020-04-20 14:28:45.2783|INFO|Microsoft.AspNetCore.Mvc.Internal.ControllerActionInvoker|Executed action EmployeeManagementCRUD_WebAPI.Controllers.EmployeeController.GetAllEmployees (EmployeeManagementCRUD_WebAPI) in 5095.046ms
2020-04-20 14:28:45.2833|INFO|Microsoft.AspNetCore.Hosting.Internal.WebHost|Request finished in 5275.6784ms 200 application/json; charset=utf-8
2020-04-20 14:29:21.2424|INFO|Microsoft.AspNetCore.Hosting.Internal.WebHost|Request starting HTTP/1.1 POST http://localhost:44346/api/Employee/LoginEmployee?email=kanoop640%40gmail.com&password=12345  0
2020-04-20 14:29:21.2424|INFO|Microsoft.AspNetCore.Cors.Infrastructure.CorsService|Policy execution failed.
2020-04-20 14:29:21.2529|INFO|Microsoft.AspNetCore.Cors.Infrastructure.CorsService|Request origin https://localhost:44346 does not have permission to access the resource.
2020-04-20 14:29:21.2761|INFO|Microsoft.AspNetCore.Mvc.Internal.ControllerActionInvoker|Route matched with {action = "LoginEmployee", controller = "Employee"}. Executing controller action with signature Microsoft.AspNetCore.Mvc.IActionResult LoginEmployee(System.String, System.String) on controller EmployeeManagementCRUD_WebAPI.Controllers.EmployeeController (EmployeeManagementCRUD_WebAPI).
2020-04-20 14:29:21.3344|INFO|Microsoft.AspNetCore.Mvc.Internal.ControllerActionInvoker|Executing action method EmployeeManagementCRUD_WebAPI.Controllers.EmployeeController.LoginEmployee (EmployeeManagementCRUD_WebAPI) - Validation state: Valid
2020-04-20 14:29:21.4184|INFO|Microsoft.EntityFrameworkCore.Database.Command|Executed DbCommand (7ms) [Parameters=[@__email_0='?' (Size = 4000), @__password_1='?' (Size = 4000)], CommandType='Text', CommandTimeout='30']
SELECT TOP(1) [id].[ID], [id].[Email], [id].[FirstName], [id].[Gender], [id].[LastName], [id].[Password], [id].[UserName]
FROM [Employees] AS [id]
WHERE ([id].[Email] = @__email_0) AND ([id].[Password] = @__password_1)
2020-04-20 14:29:21.4184|INFO|Microsoft.AspNetCore.Mvc.Internal.ControllerActionInvoker|Executed action method EmployeeManagementCRUD_WebAPI.Controllers.EmployeeController.LoginEmployee (EmployeeManagementCRUD_WebAPI), returned result Microsoft.AspNetCore.Mvc.BadRequestResult in 86.0204ms.
2020-04-20 14:29:21.4347|INFO|Microsoft.AspNetCore.Mvc.StatusCodeResult|Executing HttpStatusCodeResult, setting HTTP status code 400
2020-04-20 14:29:21.4389|INFO|Microsoft.AspNetCore.Mvc.Internal.ControllerActionInvoker|Executed action EmployeeManagementCRUD_WebAPI.Controllers.EmployeeController.LoginEmployee (EmployeeManagementCRUD_WebAPI) in 159.2415ms
2020-04-20 14:29:21.4600|INFO|Microsoft.AspNetCore.Hosting.Internal.WebHost|Request finished in 199.9817ms 400 
2020-04-20 14:29:52.4693|INFO|Microsoft.AspNetCore.Hosting.Internal.WebHost|Request starting HTTP/1.1 POST http://localhost:44346/api/Employee/LoginEmployee?email=kanoop%40gmail.com&password=12345  0
2020-04-20 14:29:52.4693|INFO|Microsoft.AspNetCore.Cors.Infrastructure.CorsService|Policy execution failed.
2020-04-20 14:29:52.4945|INFO|Microsoft.AspNetCore.Cors.Infrastructure.CorsService|Request origin https://localhost:44346 does not have permission to access the resource.
2020-04-20 14:29:52.5047|INFO|Microsoft.AspNetCore.Mvc.Internal.ControllerActionInvoker|Route matched with {action = "LoginEmployee", controller = "Employee"}. Executing controller action with signature Microsoft.AspNetCore.Mvc.IActionResult LoginEmployee(System.String, System.String) on controller EmployeeManagementCRUD_WebAPI.Controllers.EmployeeController (EmployeeManagementCRUD_WebAPI).
2020-04-20 14:29:52.5047|INFO|Microsoft.AspNetCore.Mvc.Internal.ControllerActionInvoker|Executing action method EmployeeManagementCRUD_WebAPI.Controllers.EmployeeController.LoginEmployee (EmployeeManagementCRUD_WebAPI) - Validation state: Valid
2020-04-20 14:29:52.5181|INFO|Microsoft.EntityFrameworkCore.Database.Command|Executed DbCommand (3ms) [Parameters=[@__email_0='?' (Size = 4000), @__password_1='?' (Size = 4000)], CommandType='Text', CommandTimeout='30']
SELECT TOP(1) [id].[ID], [id].[Email], [id].[FirstName], [id].[Gender], [id].[LastName], [id].[Password], [id].[UserName]
FROM [Employees] AS [id]
WHERE ([id].[Email] = @__email_0) AND ([id].[Password] = @__password_1)
2020-04-20 14:29:52.5181|INFO|Microsoft.AspNetCore.Mvc.Internal.ControllerActionInvoker|Executed action method EmployeeManagementCRUD_WebAPI.Controllers.EmployeeController.LoginEmployee (EmployeeManagementCRUD_WebAPI), returned result Microsoft.AspNetCore.Mvc.OkObjectResult in 10.2736ms.
2020-04-20 14:29:52.5181|INFO|Microsoft.AspNetCore.Mvc.Infrastructure.ObjectResultExecutor|Executing ObjectResult, writing value of type 'System.String'.
2020-04-20 14:29:52.5363|INFO|Microsoft.AspNetCore.Mvc.Internal.ControllerActionInvoker|Executed action EmployeeManagementCRUD_WebAPI.Controllers.EmployeeController.LoginEmployee (EmployeeManagementCRUD_WebAPI) in 21.9628ms
2020-04-20 14:29:52.5487|INFO|Microsoft.AspNetCore.Hosting.Internal.WebHost|Request finished in 75.4759ms 200 text/plain; charset=utf-8
